<?xml version="1.0" encoding="UTF-8"?>
<testng-results ignored="0" total="1" passed="1" failed="0" skipped="0">
  <reporter-output>
  </reporter-output>
  <suite started-at="2025-02-22T19:09:12 CET" name="Default suite" finished-at="2025-02-22T19:09:16 CET" duration-ms="3644">
    <groups>
    </groups>
    <test started-at="2025-02-22T19:09:12 CET" name="Default test" finished-at="2025-02-22T19:09:16 CET" duration-ms="3644">
      <class name="tests.LibraryApiTests">
        <test-method signature="validateLibraryApi()[pri:0, instance:tests.LibraryApiTests@41d477ed]" started-at="2025-02-22T19:09:12 CET" name="validateLibraryApi" finished-at="2025-02-22T19:09:16 CET" duration-ms="3618" status="PASS">
          <reporter-output>
          </reporter-output>
        </test-method> <!-- validateLibraryApi -->
      </class> <!-- tests.LibraryApiTests -->
    </test> <!-- Default test -->
  </suite> <!-- Default suite -->
</testng-results>
